1710370044142:help
1710370050364:login
1710388235323:LOGIN
1710388247708:login
1710388276425:stacktrace
1710388322827:login
1710397493053:help
1710397551413:login
1710402588860:help
1710402592498:login
1710428679479:help
1710428697974:login
1710438015489:stacktrace
1710438419980:login
1710438449768:stacktrace
1710439689487:login
1710439736891:stacktrace
1710439801817:login
1710440573948:stacktrace
1710440696255:login
1710440976696:stacktrace
1710441032165:login
1710441112315:stacktrace
1710441321350:login
1710445128478:stacktrace
1710450805789:login
1710455449341:help
1710455456395:products
1710455468936:stacktrace
1710456781486:products
1710456790112:stacktrace
1710456845985:products
1710460368527:login
1710460423024:products
1710477013001:select
1710489126664:lo
1710489131093:login
